<?xml version="1.0" encoding="UTF-8"?>
<testsuite name="LinearBinarySearchTester" tests="4" skipped="0" failures="0" errors="0" timestamp="2026-03-26T05:00:31.838Z" hostname="codespaces-8501a5" time="0.05">
  <properties/>
  <testcase name="recursiveBinary()" classname="LinearBinarySearchTester" time="0.031"/>
  <testcase name="binarySearch()" classname="LinearBinarySearchTester" time="0.012"/>
  <testcase name="linear1()" classname="LinearBinarySearchTester" time="0.003"/>
  <testcase name="recursivelinear()" classname="LinearBinarySearchTester" time="0.001"/>
  <system-out><![CDATA[]]></system-out>
  <system-err><![CDATA[]]></system-err>
</testsuite>
